[debug] [2024-05-02T12:36:17.202Z] ----------------------------------------------------------------------
[debug] [2024-05-02T12:36:17.204Z] Command:       /usr/local/bin/firebase /Users/thomasharbonnier/.cache/firebase/tools/lib/node_modules/firebase-tools/lib/bin/firebase login --reauth
[debug] [2024-05-02T12:36:17.204Z] CLI Version:   13.4.0
[debug] [2024-05-02T12:36:17.204Z] Platform:      darwin
[debug] [2024-05-02T12:36:17.205Z] Node Version:  v18.5.0
[debug] [2024-05-02T12:36:17.209Z] Time:          Thu May 02 2024 14:36:17 GMT+0200 (GMT+02:00)
[debug] [2024-05-02T12:36:17.209Z] ----------------------------------------------------------------------
[debug] 
[debug] [2024-05-02T12:36:17.214Z] >>> [apiv2][query] GET https://firebase-public.firebaseio.com/cli.json [none]
[info] 
[info] Visit this URL on this device to log in:
[info] https://accounts.google.com/o/oauth2/auth?client_id=563584335869-fgrhgmd47bqnekij5i8b5pr03ho849e6.apps.googleusercontent.com&scope=email%20openid%20https%3A%2F%2Fwww.googleapis.com%2Fauth%2Fcloudplatformprojects.readonly%20https%3A%2F%2Fwww.googleapis.com%2Fauth%2Ffirebase%20https%3A%2F%2Fwww.googleapis.com%2Fauth%2Fcloud-platform&response_type=code&state=27978949&redirect_uri=http%3A%2F%2Flocalhost%3A9005&login_hint=thomas.harbonnier%40thomasharb.net
[info] 
[info] Waiting for authentication...
[debug] [2024-05-02T12:36:17.695Z] <<< [apiv2][status] GET https://firebase-public.firebaseio.com/cli.json 200
[debug] [2024-05-02T12:36:17.696Z] <<< [apiv2][body] GET https://firebase-public.firebaseio.com/cli.json {"cloudBuildErrorAfter":1594252800000,"cloudBuildWarnAfter":1590019200000,"defaultNode10After":1594252800000,"minVersion":"3.0.5","node8DeploysDisabledAfter":1613390400000,"node8RuntimeDisabledAfter":1615809600000,"node8WarnAfter":1600128000000}
[debug] [2024-05-02T12:37:28.967Z] ----------------------------------------------------------------------
[debug] [2024-05-02T12:37:28.969Z] Command:       /usr/local/bin/firebase /Users/thomasharbonnier/.cache/firebase/tools/lib/node_modules/firebase-tools/lib/bin/firebase login --reauth
[debug] [2024-05-02T12:37:28.969Z] CLI Version:   13.4.0
[debug] [2024-05-02T12:37:28.969Z] Platform:      darwin
[debug] [2024-05-02T12:37:28.970Z] Node Version:  v18.5.0
[debug] [2024-05-02T12:37:28.971Z] Time:          Thu May 02 2024 14:37:28 GMT+0200 (GMT+02:00)
[debug] [2024-05-02T12:37:28.971Z] ----------------------------------------------------------------------
[debug] 
[info] 
[info] Visit this URL on this device to log in:
[info] https://accounts.google.com/o/oauth2/auth?client_id=563584335869-fgrhgmd47bqnekij5i8b5pr03ho849e6.apps.googleusercontent.com&scope=email%20openid%20https%3A%2F%2Fwww.googleapis.com%2Fauth%2Fcloudplatformprojects.readonly%20https%3A%2F%2Fwww.googleapis.com%2Fauth%2Ffirebase%20https%3A%2F%2Fwww.googleapis.com%2Fauth%2Fcloud-platform&response_type=code&state=170900644&redirect_uri=http%3A%2F%2Flocalhost%3A9005&login_hint=thomas.harbonnier%40thomasharb.net
[info] 
[info] Waiting for authentication...
